<?xml version="1.0" encoding="UTF-8"?>
<testng-results ignored="0" total="1" passed="1" failed="0" skipped="0">
  <reporter-output>
  </reporter-output>
  <suite started-at="2025-09-23T13:56:00 CDT" name="Default suite" finished-at="2025-09-23T15:00:51 CDT" duration-ms="3890918">
    <groups>
    </groups>
    <test started-at="2025-09-23T13:56:00 CDT" name="Default test" finished-at="2025-09-23T15:00:51 CDT" duration-ms="3890918">
      <class name="Test.RecipeScrappingTest">
        <test-method is-config="true" signature="setup()[pri:0, instance:Test.RecipeScrappingTest@75db5df9]" started-at="2025-09-23T13:56:00 CDT" name="setup" finished-at="2025-09-23T13:56:04 CDT" duration-ms="3769" status="PASS">
          <reporter-output>
          </reporter-output>
        </test-method> <!-- setup -->
        <test-method signature="scrapeAndFilterRecipes()[pri:0, instance:Test.RecipeScrappingTest@75db5df9]" started-at="2025-09-23T13:56:04 CDT" name="scrapeAndFilterRecipes" finished-at="2025-09-23T15:00:50 CDT" duration-ms="3886111" status="PASS">
          <reporter-output>
          </reporter-output>
        </test-method> <!-- scrapeAndFilterRecipes -->
        <test-method is-config="true" signature="teardown()[pri:0, instance:Test.RecipeScrappingTest@75db5df9]" started-at="2025-09-23T15:00:50 CDT" name="teardown" finished-at="2025-09-23T15:00:51 CDT" duration-ms="1004" status="PASS">
          <reporter-output>
          </reporter-output>
        </test-method> <!-- teardown -->
      </class> <!-- Test.RecipeScrappingTest -->
    </test> <!-- Default test -->
  </suite> <!-- Default suite -->
</testng-results>
